[INFO] Scanning for projects...
[INFO] 
[INFO] -----------------------< pt.uevora:fisio-stoke >------------------------
[INFO] Building Fisio-Stoke 0.0.1-SNAPSHOT
[INFO]   from pom.xml
[INFO] --------------------------------[ jar ]---------------------------------
[INFO] 
[INFO] >>> spring-boot:3.2.3:run (default-cli) > test-compile @ fisio-stoke >>>
[INFO] 
[INFO] --- frontend:1.12.0:install-node-and-npm (install node and npm) @ fisio-stoke ---
[INFO] Node v18.19.1 is already installed.
[INFO] NPM 8.1.0 is already installed.
[INFO] 
[INFO] --- frontend:1.12.0:npm (npm install) @ fisio-stoke ---
[INFO] Running 'npm install' in C:\projectos\pessoais\fisio-stoke\src\main\frontend
[INFO] 
[INFO] up to date, audited 957 packages in 2s
[INFO] 
[INFO] 158 packages are looking for funding
[INFO]   run `npm fund` for details
[INFO] 
[INFO] found 0 vulnerabilities
[INFO] 
[INFO] --- frontend:1.12.0:npm (npm run build) @ fisio-stoke ---
[INFO] Running 'npm run build' in C:\projectos\pessoais\fisio-stoke\src\main\frontend
[INFO] 
[INFO] > frontend@0.0.0 build
[INFO] > ng build
[INFO] 
[INFO] - Generating browser application bundles (phase: setup)...
[INFO] ? Browser application bundle generation complete.
[INFO] ? Browser application bundle generation complete.
[INFO] - Copying assets...
[INFO] ? Copying assets complete.
[INFO] - Generating index html...
[INFO] - Generating index html...
[INFO] 9 rules skipped due to selector errors:
[INFO]   .table>>*>* -> Did not expect successive traversals.
[INFO]   .table-sm>>*>* -> Did not expect successive traversals.
[INFO]   .table-bordered>>* -> Did not expect successive traversals.
[INFO]   .table-bordered>>*>* -> Did not expect successive traversals.
[INFO]   .table-borderless>>*>* -> Did not expect successive traversals.
[INFO]   .form-floating>~label -> Did not expect successive traversals.
[INFO]   .form-floating>~label -> Did not expect successive traversals.
[INFO]   .btn-group>+.btn -> Did not expect successive traversals.
[INFO]   .btn-group>+.btn -> Did not expect successive traversals.
[INFO] ? Index html generation complete.
[INFO] 
[INFO] Initial chunk files           | Names         |  Raw size | Estimated transfer size
[INFO] main.4af16588509c3785.js      | main          | 745.85 kB |               189.39 kB
[INFO] styles.102bc4602d540f54.css   | styles        | 319.05 kB |                44.15 kB
[INFO] polyfills.fa5cf6e99436f514.js | polyfills     |  34.80 kB |                11.38 kB
[INFO] runtime.47a83d33e1d7fe09.js   | runtime       | 918 bytes |               524 bytes
[INFO] 
[INFO]                               | Initial total |   1.10 MB |               245.44 kB
[INFO] 
[INFO] Build at: 2025-03-15T11:56:02.611Z - Hash: 4da99b40912a738e - Time: 7368ms
[INFO] 
[INFO] --- resources:3.2.0:resources (default-resources) @ fisio-stoke ---
[INFO] Using 'UTF-8' encoding to copy filtered resources.
[INFO] Using 'UTF-8' encoding to copy filtered properties files.
[INFO] Copying 2 resources
[INFO] Copying 30 resources
[INFO] 
[INFO] --- compiler:3.11.0:compile (default-compile) @ fisio-stoke ---
[INFO] Changes detected - recompiling the module! :source
[INFO] Compiling 56 source files with javac [debug release 21] to target\classes
[WARNING] The following options were not recognized by any processor: '[mapstruct.defaultComponentModel]'
[INFO] 
[INFO] --- resources:3.2.0:testResources (default-testResources) @ fisio-stoke ---
[INFO] Using 'UTF-8' encoding to copy filtered resources.
[INFO] Using 'UTF-8' encoding to copy filtered properties files.
[INFO] skip non existing resourceDirectory C:\projectos\pessoais\fisio-stoke\src\test\resources
[INFO] 
[INFO] --- compiler:3.11.0:testCompile (default-testCompile) @ fisio-stoke ---
[INFO] Changes detected - recompiling the module! :dependency
[INFO] Compiling 1 source file with javac [debug release 21] to target\test-classes
[WARNING] The following options were not recognized by any processor: '[mapstruct.defaultComponentModel]'
[INFO] 
[INFO] <<< spring-boot:3.2.3:run (default-cli) < test-compile @ fisio-stoke <<<
[INFO] 
[INFO] 
[INFO] --- spring-boot:3.2.3:run (default-cli) @ fisio-stoke ---
[INFO] Attaching agents: []
.########...######...######...######...#######..........######..########..#######...##....##.########
.##...........##....##....##....##....##.....##........##....##....##....##.....##..##...##..##......
.##...........##....##..........##....##.....##........##..........##....##.....##..##..##...##......
.#######......##.....######.....##....##.....##..###....######.....##....##.....##..#####....######..
.##...........##..........##....##....##.....##..............##....##....##.....##..##..##...##......
.##...........##..........##....##....##.....##..............##....##....##.....##..##...##..##......
.##........#######...######...######...#######..........######.....##.....#######...##....##.########

:: F I S I O - S T O K E ::                                      (v1.0.0-SNAPSHOT) 
2025-03-15T11:56:09.300Z  INFO 53472 --- [stoke] [  restartedMain] p.u.fisio_stoke.FisioStokeApplication    : Starting FisioStokeApplication using Java 21.0.4 with PID 53472 (C:\projectos\pessoais\fisio-stoke\target\classes started by yanne.duarte in C:\projectos\pessoais\fisio-stoke)
2025-03-15T11:56:09.303Z  INFO 53472 --- [stoke] [  restartedMain] p.u.fisio_stoke.FisioStokeApplication    : No active profile set, falling back to 1 default profile: "default"
2025-03-15T11:56:09.345Z  INFO 53472 --- [stoke] [  restartedMain] .e.DevToolsPropertyDefaultsPostProcessor : Devtools property defaults active! Set 'spring.devtools.add-properties' to 'false' to disable
2025-03-15T11:56:09.346Z  INFO 53472 --- [stoke] [  restartedMain] .e.DevToolsPropertyDefaultsPostProcessor : For additional web related logging consider setting the 'logging.level.web' property to 'DEBUG'
2025-03-15T11:56:10.366Z  INFO 53472 --- [stoke] [  restartedMain] .s.d.r.c.RepositoryConfigurationDelegate : Bootstrapping Spring Data JPA repositories in DEFAULT mode.
2025-03-15T11:56:10.484Z  INFO 53472 --- [stoke] [  restartedMain] .s.d.r.c.RepositoryConfigurationDelegate : Finished Spring Data repository scanning in 105 ms. Found 7 JPA repository interfaces.
2025-03-15T11:56:11.065Z  INFO 53472 --- [stoke] [  restartedMain] o.s.b.w.embedded.tomcat.TomcatWebServer  : Tomcat initialized with port 8081 (http)
2025-03-15T11:56:11.075Z  INFO 53472 --- [stoke] [  restartedMain] o.apache.catalina.core.StandardService   : Starting service [Tomcat]
2025-03-15T11:56:11.075Z  INFO 53472 --- [stoke] [  restartedMain] o.apache.catalina.core.StandardEngine    : Starting Servlet engine: [Apache Tomcat/10.1.19]
2025-03-15T11:56:11.153Z  INFO 53472 --- [stoke] [  restartedMain] o.a.c.c.C.[Tomcat].[localhost].[/]       : Initializing Spring embedded WebApplicationContext
2025-03-15T11:56:11.154Z  INFO 53472 --- [stoke] [  restartedMain] w.s.c.ServletWebServerApplicationContext : Root WebApplicationContext: initialization completed in 1807 ms
2025-03-15T11:56:11.308Z  INFO 53472 --- [stoke] [  restartedMain] o.hibernate.jpa.internal.util.LogHelper  : HHH000204: Processing PersistenceUnitInfo [name: default]
2025-03-15T11:56:11.392Z  INFO 53472 --- [stoke] [  restartedMain] org.hibernate.Version                    : HHH000412: Hibernate ORM core version 6.4.4.Final
2025-03-15T11:56:11.426Z  INFO 53472 --- [stoke] [  restartedMain] o.h.c.internal.RegionFactoryInitiator    : HHH000026: Second-level cache disabled
2025-03-15T11:56:11.655Z  INFO 53472 --- [stoke] [  restartedMain] o.s.o.j.p.SpringPersistenceUnitInfo      : No LoadTimeWeaver setup: ignoring JPA class transformer
2025-03-15T11:56:11.692Z  INFO 53472 --- [stoke] [  restartedMain] com.zaxxer.hikari.HikariDataSource       : HikariPool-1 - Starting...
2025-03-15T11:56:12.042Z  INFO 53472 --- [stoke] [  restartedMain] com.zaxxer.hikari.pool.HikariPool        : HikariPool-1 - Added connection com.mysql.cj.jdbc.ConnectionImpl@7e4ad902
2025-03-15T11:56:12.045Z  INFO 53472 --- [stoke] [  restartedMain] com.zaxxer.hikari.HikariDataSource       : HikariPool-1 - Start completed.
2025-03-15T11:56:12.118Z  WARN 53472 --- [stoke] [  restartedMain] org.hibernate.orm.deprecation            : HHH90000025: MySQLDialect does not need to be specified explicitly using 'hibernate.dialect' (remove the property setting and it will be selected by default)
2025-03-15T11:56:13.276Z  INFO 53472 --- [stoke] [  restartedMain] o.h.e.t.j.p.i.JtaPlatformInitiator       : HHH000489: No JTA platform available (set 'hibernate.transaction.jta.platform' to enable JTA platform integration)
2025-03-15T11:56:13.278Z  INFO 53472 --- [stoke] [  restartedMain] j.LocalContainerEntityManagerFactoryBean : Initialized JPA EntityManagerFactory for persistence unit 'default'
2025-03-15T11:56:13.693Z  WARN 53472 --- [stoke] [  restartedMain] JpaBaseConfiguration$JpaWebConfiguration : spring.jpa.open-in-view is enabled by default. Therefore, database queries may be performed during view rendering. Explicitly configure spring.jpa.open-in-view to disable this warning
2025-03-15T11:56:14.182Z  INFO 53472 --- [stoke] [  restartedMain] o.s.b.a.w.s.WelcomePageHandlerMapping    : Adding welcome page: class path resource [static/index.html]
2025-03-15T11:56:14.371Z  INFO 53472 --- [stoke] [  restartedMain] o.s.s.web.DefaultSecurityFilterChain     : Will secure any request with [org.springframework.security.web.session.DisableEncodeUrlFilter@66f166e, org.springframework.security.web.context.request.async.WebAsyncManagerIntegrationFilter@196b328b, org.springframework.security.web.context.SecurityContextHolderFilter@3b87ac23, org.springframework.security.web.header.HeaderWriterFilter@47cba28, org.springframework.web.filter.CorsFilter@27930a67, org.springframework.security.web.authentication.logout.LogoutFilter@22eee72b, pt.uevora.fisio_stoke.configs.JwtAuthenticationFilter@7da79489, org.springframework.security.web.savedrequest.RequestCacheAwareFilter@5dc20a55, org.springframework.security.web.servletapi.SecurityContextHolderAwareRequestFilter@26bc2aec, org.springframework.security.web.authentication.AnonymousAuthenticationFilter@7ab3ee2b, org.springframework.security.web.session.SessionManagementFilter@65eea4e5, org.springframework.security.web.access.ExceptionTranslationFilter@6dbc8921, org.springframework.security.web.access.intercept.AuthorizationFilter@3238717]
2025-03-15T11:56:14.558Z  WARN 53472 --- [stoke] [  restartedMain] ConfigServletWebServerApplicationContext : Exception encountered during context initialization - cancelling refresh attempt: org.springframework.beans.factory.BeanCreationException: Error creating bean with name 'dataSourceScriptDatabaseInitializer' defined in class path resource [org/springframework/boot/autoconfigure/sql/init/DataSourceInitializationConfiguration.class]: Failed to execute SQL script statement #1 of file [C:\projectos\pessoais\fisio-stoke\target\classes\schema.sql]: DROP TABLE IF EXISTS users
2025-03-15T11:56:14.561Z  INFO 53472 --- [stoke] [  restartedMain] j.LocalContainerEntityManagerFactoryBean : Closing JPA EntityManagerFactory for persistence unit 'default'
2025-03-15T11:56:14.563Z  INFO 53472 --- [stoke] [  restartedMain] com.zaxxer.hikari.HikariDataSource       : HikariPool-1 - Shutdown initiated...
2025-03-15T11:56:14.572Z  INFO 53472 --- [stoke] [  restartedMain] com.zaxxer.hikari.HikariDataSource       : HikariPool-1 - Shutdown completed.
2025-03-15T11:56:14.573Z  INFO 53472 --- [stoke] [  restartedMain] o.apache.catalina.core.StandardService   : Stopping service [Tomcat]
2025-03-15T11:56:14.581Z  INFO 53472 --- [stoke] [  restartedMain] .s.b.a.l.ConditionEvaluationReportLogger : 

Error starting ApplicationContext. To display the condition evaluation report re-run your application with 'debug' enabled.
2025-03-15T11:56:14.595Z ERROR 53472 --- [stoke] [  restartedMain] o.s.boot.SpringApplication               : Application run failed

org.springframework.beans.factory.BeanCreationException: Error creating bean with name 'dataSourceScriptDatabaseInitializer' defined in class path resource [org/springframework/boot/autoconfigure/sql/init/DataSourceInitializationConfiguration.class]: Failed to execute SQL script statement #1 of file [C:\projectos\pessoais\fisio-stoke\target\classes\schema.sql]: DROP TABLE IF EXISTS users
	at org.springframework.beans.factory.support.AbstractAutowireCapableBeanFactory.initializeBean(AbstractAutowireCapableBeanFactory.java:1786) ~[spring-beans-6.1.4.jar:6.1.4]
	at org.springframework.beans.factory.support.AbstractAutowireCapableBeanFactory.doCreateBean(AbstractAutowireCapableBeanFactory.java:600) ~[spring-beans-6.1.4.jar:6.1.4]
	at org.springframework.beans.factory.support.AbstractAutowireCapableBeanFactory.createBean(AbstractAutowireCapableBeanFactory.java:522) ~[spring-beans-6.1.4.jar:6.1.4]
	at org.springframework.beans.factory.support.AbstractBeanFactory.lambda$doGetBean$0(AbstractBeanFactory.java:325) ~[spring-beans-6.1.4.jar:6.1.4]
	at org.springframework.beans.factory.support.DefaultSingletonBeanRegistry.getSingleton(DefaultSingletonBeanRegistry.java:234) ~[spring-beans-6.1.4.jar:6.1.4]
	at org.springframework.beans.factory.support.AbstractBeanFactory.doGetBean(AbstractBeanFactory.java:323) ~[spring-beans-6.1.4.jar:6.1.4]
	at org.springframework.beans.factory.support.AbstractBeanFactory.getBean(AbstractBeanFactory.java:199) ~[spring-beans-6.1.4.jar:6.1.4]
	at org.springframework.beans.factory.support.AbstractBeanFactory.doGetBean(AbstractBeanFactory.java:312) ~[spring-beans-6.1.4.jar:6.1.4]
	at org.springframework.beans.factory.support.AbstractBeanFactory.getBean(AbstractBeanFactory.java:199) ~[spring-beans-6.1.4.jar:6.1.4]
	at org.springframework.beans.factory.support.DefaultListableBeanFactory.preInstantiateSingletons(DefaultListableBeanFactory.java:975) ~[spring-beans-6.1.4.jar:6.1.4]
	at org.springframework.context.support.AbstractApplicationContext.finishBeanFactoryInitialization(AbstractApplicationContext.java:959) ~[spring-context-6.1.4.jar:6.1.4]
	at org.springframework.context.support.AbstractApplicationContext.refresh(AbstractApplicationContext.java:624) ~[spring-context-6.1.4.jar:6.1.4]
	at org.springframework.boot.web.servlet.context.ServletWebServerApplicationContext.refresh(ServletWebServerApplicationContext.java:146) ~[spring-boot-3.2.3.jar:3.2.3]
	at org.springframework.boot.SpringApplication.refresh(SpringApplication.java:754) ~[spring-boot-3.2.3.jar:3.2.3]
	at org.springframework.boot.SpringApplication.refreshContext(SpringApplication.java:456) ~[spring-boot-3.2.3.jar:3.2.3]
	at org.springframework.boot.SpringApplication.run(SpringApplication.java:334) ~[spring-boot-3.2.3.jar:3.2.3]
	at org.springframework.boot.SpringApplication.run(SpringApplication.java:1354) ~[spring-boot-3.2.3.jar:3.2.3]
	at org.springframework.boot.SpringApplication.run(SpringApplication.java:1343) ~[spring-boot-3.2.3.jar:3.2.3]
	at pt.uevora.fisio_stoke.FisioStokeApplication.main(FisioStokeApplication.java:10) ~[classes/:na]
	at java.base/jdk.internal.reflect.DirectMethodHandleAccessor.invoke(DirectMethodHandleAccessor.java:103) ~[na:na]
	at java.base/java.lang.reflect.Method.invoke(Method.java:580) ~[na:na]
	at org.springframework.boot.devtools.restart.RestartLauncher.run(RestartLauncher.java:50) ~[spring-boot-devtools-3.2.3.jar:3.2.3]
Caused by: org.springframework.jdbc.datasource.init.ScriptStatementFailedException: Failed to execute SQL script statement #1 of file [C:\projectos\pessoais\fisio-stoke\target\classes\schema.sql]: DROP TABLE IF EXISTS users
	at org.springframework.jdbc.datasource.init.ScriptUtils.executeSqlScript(ScriptUtils.java:282) ~[spring-jdbc-6.1.4.jar:6.1.4]
	at org.springframework.jdbc.datasource.init.ResourceDatabasePopulator.populate(ResourceDatabasePopulator.java:254) ~[spring-jdbc-6.1.4.jar:6.1.4]
	at org.springframework.jdbc.datasource.init.DatabasePopulatorUtils.execute(DatabasePopulatorUtils.java:54) ~[spring-jdbc-6.1.4.jar:6.1.4]
	at org.springframework.boot.jdbc.init.DataSourceScriptDatabaseInitializer.runScripts(DataSourceScriptDatabaseInitializer.java:87) ~[spring-boot-3.2.3.jar:3.2.3]
	at org.springframework.boot.sql.init.AbstractScriptDatabaseInitializer.runScripts(AbstractScriptDatabaseInitializer.java:146) ~[spring-boot-3.2.3.jar:3.2.3]
	at org.springframework.boot.sql.init.AbstractScriptDatabaseInitializer.applyScripts(AbstractScriptDatabaseInitializer.java:108) ~[spring-boot-3.2.3.jar:3.2.3]
	at org.springframework.boot.sql.init.AbstractScriptDatabaseInitializer.applySchemaScripts(AbstractScriptDatabaseInitializer.java:98) ~[spring-boot-3.2.3.jar:3.2.3]
	at org.springframework.boot.sql.init.AbstractScriptDatabaseInitializer.initializeDatabase(AbstractScriptDatabaseInitializer.java:76) ~[spring-boot-3.2.3.jar:3.2.3]
	at org.springframework.boot.sql.init.AbstractScriptDatabaseInitializer.afterPropertiesSet(AbstractScriptDatabaseInitializer.java:66) ~[spring-boot-3.2.3.jar:3.2.3]
	at org.springframework.beans.factory.support.AbstractAutowireCapableBeanFactory.invokeInitMethods(AbstractAutowireCapableBeanFactory.java:1833) ~[spring-beans-6.1.4.jar:6.1.4]
	at org.springframework.beans.factory.support.AbstractAutowireCapableBeanFactory.initializeBean(AbstractAutowireCapableBeanFactory.java:1782) ~[spring-beans-6.1.4.jar:6.1.4]
	... 21 common frames omitted
Caused by: java.sql.SQLException: Cannot drop table 'users' referenced by a foreign key constraint 'FK5vaewhw4s4tcujd6wogp6uy4r' on table 'planos'.
	at com.mysql.cj.jdbc.exceptions.SQLError.createSQLException(SQLError.java:130) ~[mysql-connector-j-8.3.0.jar:8.3.0]
	at com.mysql.cj.jdbc.exceptions.SQLExceptionsMapping.translateException(SQLExceptionsMapping.java:122) ~[mysql-connector-j-8.3.0.jar:8.3.0]
	at com.mysql.cj.jdbc.StatementImpl.executeInternal(StatementImpl.java:770) ~[mysql-connector-j-8.3.0.jar:8.3.0]
	at com.mysql.cj.jdbc.StatementImpl.execute(StatementImpl.java:653) ~[mysql-connector-j-8.3.0.jar:8.3.0]
	at com.zaxxer.hikari.pool.ProxyStatement.execute(ProxyStatement.java:94) ~[HikariCP-5.0.1.jar:na]
	at com.zaxxer.hikari.pool.HikariProxyStatement.execute(HikariProxyStatement.java) ~[HikariCP-5.0.1.jar:na]
	at org.springframework.jdbc.datasource.init.ScriptUtils.executeSqlScript(ScriptUtils.java:261) ~[spring-jdbc-6.1.4.jar:6.1.4]
	... 31 common frames omitted

[INFO] ------------------------------------------------------------------------
[INFO] BUILD SUCCESS
[INFO] ------------------------------------------------------------------------
[INFO] Total time:  27.243 s
[INFO] Finished at: 2025-03-15T11:56:14Z
[INFO] ------------------------------------------------------------------------
